<?xml version="1.0" encoding="UTF-8"?>
<testsuite errors="0" failures="0" skip="0" tests="1" name="Suites">
<testcase classname="Suites.Haa" time="0" name="Another">
</testcase>
</testsuite>
